warning: thunar-4.18.10-1 is up to date -- reinstalling
resolving dependencies...
looking for conflicting packages...

Packages (1) thunar-4.18.10-1

Total Installed Size:  8.65 MiB
Net Upgrade Size:      0.00 MiB

:: Proceed with installation? [Y/n] 
checking keyring...
checking package integrity...
loading package files...
checking for file conflicts...
checking available disk space...
:: Processing package changes...
reinstalling thunar...
:: Running post-transaction hooks...
(1/4) Reloading user manager configuration...
(2/4) Arming ConditionNeedsUpdate...
(3/4) Updating icon theme caches...
(4/4) Updating the desktop file MIME type cache...
resolving dependencies...
looking for conflicting packages...

Packages (1) thunar-volman-4.18.0-1

Total Installed Size:  0.66 MiB

:: Proceed with installation? [Y/n] 
checking keyring...
checking package integrity...
loading package files...
checking for file conflicts...
checking available disk space...
:: Processing package changes...
installing thunar-volman...
:: Running post-transaction hooks...
(1/3) Arming ConditionNeedsUpdate...
(2/3) Updating icon theme caches...
(3/3) Updating the desktop file MIME type cache...
warning: tumbler-4.18.2-1 is up to date -- reinstalling
resolving dependencies...
looking for conflicting packages...

Packages (1) tumbler-4.18.2-1

Total Installed Size:  0.87 MiB
Net Upgrade Size:      0.00 MiB

:: Proceed with installation? [Y/n] 
checking keyring...
checking package integrity...
loading package files...
checking for file conflicts...
checking available disk space...
:: Processing package changes...
reinstalling tumbler...
:: Running post-transaction hooks...
(1/3) Reloading user manager configuration...
(2/3) Arming ConditionNeedsUpdate...
(3/3) Updating icon theme caches...
warning: ffmpegthumbnailer-2.2.2-5 is up to date -- reinstalling
resolving dependencies...
looking for conflicting packages...

Packages (1) ffmpegthumbnailer-2.2.2-5

Total Installed Size:  0.26 MiB
Net Upgrade Size:      0.00 MiB

:: Proceed with installation? [Y/n] 
checking keyring...
checking package integrity...
loading package files...
checking for file conflicts...
checking available disk space...
:: Processing package changes...
reinstalling ffmpegthumbnailer...
:: Running post-transaction hooks...
(1/1) Arming ConditionNeedsUpdate...
resolving dependencies...
looking for conflicting packages...

Packages (1) thunar-archive-plugin-0.5.2-1

Total Installed Size:  0.17 MiB

:: Proceed with installation? [Y/n] 
checking keyring...
checking package integrity...
loading package files...
checking for file conflicts...
checking available disk space...
:: Processing package changes...
installing thunar-archive-plugin...
Optional dependencies for thunar-archive-plugin
    file-roller
    engrampa
    ark
    xarchiver
:: Running post-transaction hooks...
(1/2) Arming ConditionNeedsUpdate...
(2/2) Updating icon theme caches...
