:: Synchronizing package databases...
 core downloading...
 extra downloading...
resolving dependencies...
looking for conflicting packages...

Packages (3) libadwaita-1:1.7.4-1  libnautilus-extension-48.2-1  file-roller-44.5-1

Total Download Size:   1.48 MiB
Total Installed Size:  9.35 MiB

:: Proceed with installation? [Y/n] 
:: Retrieving packages...
 file-roller-44.5-1-x86_64 downloading...
 libadwaita-1:1.7.4-1-x86_64 downloading...
 libnautilus-extension-48.2-1-x86_64 downloading...
checking keyring...
checking package integrity...
loading package files...
checking for file conflicts...
checking available disk space...
:: Processing package changes...
installing libadwaita...
installing libnautilus-extension...
installing file-roller...
Optional dependencies for file-roller
    arj: arj archive support
    binutils: ar archive support [installed]
    bzip3: bzip3 compression support
    cdrtools: ISO image support
    cpio: cpio archive support
    dpkg: deb archive support
    lhasa: LHA/LZA archive support
    lrzip: lrzip compression support
    p7zip: 7z archive support
    rpmextract: rpm archive support
    squashfs-tools: squashfs image support
    unace: ACE archive support
    unrar: better RAR archive support
    unzip: better ZIP archive support
    zip: better ZIP archive support [installed]
:: Running post-transaction hooks...
(1/4) Arming ConditionNeedsUpdate...
(2/4) Compiling GSettings XML schema files...
(3/4) Updating icon theme caches...
(4/4) Updating the desktop file MIME type cache...
resolving dependencies...
looking for conflicting packages...

Packages (1) unrar-1:7.1.7-1

Total Download Size:   0.18 MiB
Total Installed Size:  0.40 MiB

:: Proceed with installation? [Y/n] 
:: Retrieving packages...
 unrar-1:7.1.7-1-x86_64 downloading...
checking keyring...
checking package integrity...
loading package files...
checking for file conflicts...
checking available disk space...
:: Processing package changes...
installing unrar...
:: Running post-transaction hooks...
(1/1) Arming ConditionNeedsUpdate...
resolving dependencies...
looking for conflicting packages...

Packages (1) unzip-6.0-22

Total Installed Size:  0.30 MiB

:: Proceed with installation? [Y/n] 
checking keyring...
checking package integrity...
loading package files...
checking for file conflicts...
checking available disk space...
:: Processing package changes...
installing unzip...
:: Running post-transaction hooks...
(1/1) Arming ConditionNeedsUpdate...
resolving dependencies...
looking for conflicting packages...

Packages (1) 7zip-24.09-3

Total Download Size:   1.86 MiB
Total Installed Size:  6.19 MiB

:: Proceed with installation? [Y/n] 
:: Retrieving packages...
 7zip-24.09-3-x86_64 downloading...
checking keyring...
checking package integrity...
loading package files...
checking for file conflicts...
checking available disk space...
:: Processing package changes...
installing 7zip...
:: Running post-transaction hooks...
(1/1) Arming ConditionNeedsUpdate...
resolving dependencies...
looking for conflicting packages...

Packages (1) thunar-media-tags-plugin-0.6.0-1

Total Download Size:   0.07 MiB
Total Installed Size:  0.30 MiB

:: Proceed with installation? [Y/n] 
:: Retrieving packages...
 thunar-media-tags-plugin-0.6.0-1-x86_64 downloading...
checking keyring...
checking package integrity...
loading package files...
checking for file conflicts...
checking available disk space...
:: Processing package changes...
installing thunar-media-tags-plugin...
:: Running post-transaction hooks...
(1/1) Arming ConditionNeedsUpdate...
resolving dependencies...
looking for conflicting packages...

Packages (10) cifs-utils-7.4-1  ldb-2:4.22.2-1  libbsd-0.12.2-2  libmd-1.1.0-2  libwbclient-2:4.22.2-1  samba-2:4.22.2-1  smbclient-2:4.22.2-1  talloc-2.4.3-1  tevent-1:0.16.2-1  thunar-shares-plugin-1:0.5.0-1

Total Download Size:   16.45 MiB
Total Installed Size:  94.13 MiB

:: Proceed with installation? [Y/n] 
:: Retrieving packages...
 samba-2:4.22.2-1-x86_64 downloading...
 smbclient-2:4.22.2-1-x86_64 downloading...
 ldb-2:4.22.2-1-x86_64 downloading...
 libbsd-0.12.2-2-x86_64 downloading...
 cifs-utils-7.4-1-x86_64 downloading...
 thunar-shares-plugin-1:0.5.0-1-x86_64 downloading...
 tevent-1:0.16.2-1-x86_64 downloading...
 libmd-1.1.0-2-x86_64 downloading...
 talloc-2.4.3-1-x86_64 downloading...
 libwbclient-2:4.22.2-1-x86_64 downloading...
checking keyring...
checking package integrity...
loading package files...
checking for file conflicts...
checking available disk space...
:: Processing package changes...
installing libmd...
installing libbsd...
installing talloc...
Optional dependencies for talloc
    python: for python bindings [installed]
installing tevent...
Optional dependencies for tevent
    python: for python bindings [installed]
installing ldb...
Optional dependencies for ldb
    python: for python bindings [installed]
installing libwbclient...
Optional dependencies for libwbclient
    python-dnspython: samba_dnsupdate and samba_upgradedns in AD setup
    python-markdown: for samba-tool domain schemeupgrade [installed]
    glusterfs: for vfs_glusterfs support
installing cifs-utils...
Optional dependencies for cifs-utils
    python: for smb2-quota and smbinfo script [installed]
installing smbclient...
Optional dependencies for smbclient
    python-dnspython: samba_dnsupdate and samba_upgradedns in AD setup
    python-markdown: for samba-tool domain schemeupgrade [installed]
    glusterfs: for vfs_glusterfs support
installing samba...
Optional dependencies for samba
    python-dnspython: netads_dns.py, dnsresolver.py and traffic_packets.py 
    python-markdown: ms_schema_markdown.py and ms_forest_updates_markdown.py [installed]
    python-cryptography: lockout_tests.py gp_cert_auto_enroll_ext.py gpo.py and kcrypto.py
installing thunar-shares-plugin...
:: Running post-transaction hooks...
(1/3) Reloading system manager configuration...
(2/3) Creating temporary files...
(3/3) Arming ConditionNeedsUpdate...
resolving dependencies...
looking for conflicting packages...

Packages (4) python-dbus-1.4.0-1  python-pexpect-4.9.0-4  python-ptyprocess-0.7.0-8  catfish-4.20.1-1

Total Download Size:   0.42 MiB
Total Installed Size:  2.94 MiB

:: Proceed with installation? [Y/n] 
:: Retrieving packages...
 catfish-4.20.1-1-any downloading...
 python-dbus-1.4.0-1-x86_64 downloading...
checking keyring...
checking package integrity...
loading package files...
checking for file conflicts...
checking available disk space...
:: Processing package changes...
installing python-dbus...
Optional dependencies for python-dbus
    python-gobject: D-Bus services via PyGI [installed]
installing python-ptyprocess...
installing python-pexpect...
installing catfish...
Optional dependencies for catfish
    plocate: search in locate index
    zeitgeist: search in zeitgeist index
:: Running post-transaction hooks...
(1/3) Arming ConditionNeedsUpdate...
(2/3) Updating icon theme caches...
(3/3) Updating the desktop file MIME type cache...
resolving dependencies...
looking for conflicting packages...

Packages (1) engrampa-1.28.2-2

Total Download Size:    1.14 MiB
Total Installed Size:  12.88 MiB

:: Proceed with installation? [Y/n] 
:: Retrieving packages...
 engrampa-1.28.2-2-x86_64 downloading...
checking keyring...
checking package integrity...
loading package files...
checking for file conflicts...
checking available disk space...
:: Processing package changes...
installing engrampa...
Optional dependencies for engrampa
    caja: Caja support
    p7zip: 7Z and ARJ archive support [installed]
    unace: ACE archive support
    unrar: RAR archive support [installed]
    brotli: Brotli compression support [installed]
    rpm-tools: RPM support
    cpio: RPM support
:: Running post-transaction hooks...
(1/4) Arming ConditionNeedsUpdate...
(2/4) Compiling GSettings XML schema files...
(3/4) Updating icon theme caches...
(4/4) Updating the desktop file MIME type cache...
